<?xml version="1.0" encoding="UTF-8"?>
<!-- Generated by org.testng.reporters.JUnitXMLReporter -->
<testsuite ignored="0" hostname="Geniee" failures="0" tests="8" name="Default test" time="38.854" errors="0" timestamp="2020-07-05T13:31:21 IST">
  <testcase classname="checkoutForm.functionalityTest" name="positiveTest" time="3.982"/>
  <testcase classname="checkoutForm.functionalityTest" name="eroorMessage_FirstName" time="2.306"/>
  <testcase classname="checkoutForm.functionalityTest" name="eroorMessage_LastName" time="2.377"/>
  <testcase classname="checkoutForm.functionalityTest" name="eroorMessage_eMail" time="2.23"/>
  <testcase classname="checkoutForm.functionalityTest" name="eroorMessage_address1" time="2.244"/>
  <testcase classname="checkoutForm.functionalityTest" name="eroorMessage_address2" time="2.262"/>
  <testcase classname="checkoutForm.functionalityTest" name="eroorMessage_zip" time="2.215"/>
  <testcase classname="checkoutForm.functionalityTest" name="checkBox_Validation" time="2.005"/>
</testsuite> <!-- Default test -->
