<?xml version="1.0" encoding="UTF-8"?>
<testng-results ignored="0" total="8" passed="8" failed="0" skipped="0">
  <reporter-output>
    <line>
      <![CDATA[Result is as expected - Passed]]>
    </line>
    <line>
      <![CDATA[Result is as expected - Pass]]>
    </line>
    <line>
      <![CDATA[Result is as expected - Pass]]>
    </line>
    <line>
      <![CDATA[Result is as expected - Pass]]>
    </line>
    <line>
      <![CDATA[Result is as expected - Pass]]>
    </line>
    <line>
      <![CDATA[Result is as expected - Passed]]>
    </line>
    <line>
      <![CDATA[Error message for last name is not as expected - Failed]]>
    </line>
    <line>
      <![CDATA[Result is as expected - Pass]]>
    </line>
  </reporter-output>
  <suite started-at="2020-07-05T13:30:42 IST" name="Default suite" finished-at="2020-07-05T13:31:20 IST" duration-ms="38854">
    <groups>
    </groups>
    <test started-at="2020-07-05T13:30:42 IST" name="Default test" finished-at="2020-07-05T13:31:20 IST" duration-ms="38854">
      <class name="checkoutForm.functionalityTest">
        <test-method is-config="true" signature="before()[pri:0, instance:checkoutForm.functionalityTest@7ff95560]" started-at="2020-07-05T13:30:42 IST" name="before" finished-at="2020-07-05T13:30:59 IST" duration-ms="17308" status="PASS">
          <reporter-output>
          </reporter-output>
        </test-method> <!-- before -->
        <test-method signature="positiveTest()[pri:1, instance:checkoutForm.functionalityTest@7ff95560]" started-at="2020-07-05T13:30:59 IST" name="positiveTest" finished-at="2020-07-05T13:31:03 IST" duration-ms="3982" status="PASS">
          <reporter-output>
            <line>
              <![CDATA[Result is as expected - Passed]]>
            </line>
          </reporter-output>
        </test-method> <!-- positiveTest -->
        <test-method is-config="true" signature="before_test_method()[pri:0, instance:checkoutForm.functionalityTest@7ff95560]" started-at="2020-07-05T13:31:03 IST" name="before_test_method" finished-at="2020-07-05T13:31:03 IST" duration-ms="193" status="PASS">
          <reporter-output>
          </reporter-output>
        </test-method> <!-- before_test_method -->
        <test-method signature="eroorMessage_FirstName()[pri:2, instance:checkoutForm.functionalityTest@7ff95560]" started-at="2020-07-05T13:31:03 IST" name="eroorMessage_FirstName" finished-at="2020-07-05T13:31:05 IST" duration-ms="2306" status="PASS">
          <reporter-output>
            <line>
              <![CDATA[Result is as expected - Pass]]>
            </line>
          </reporter-output>
        </test-method> <!-- eroorMessage_FirstName -->
        <test-method is-config="true" signature="before_test_method()[pri:0, instance:checkoutForm.functionalityTest@7ff95560]" started-at="2020-07-05T13:31:05 IST" name="before_test_method" finished-at="2020-07-05T13:31:06 IST" duration-ms="206" status="PASS">
          <reporter-output>
          </reporter-output>
        </test-method> <!-- before_test_method -->
        <test-method signature="eroorMessage_LastName()[pri:3, instance:checkoutForm.functionalityTest@7ff95560]" started-at="2020-07-05T13:31:06 IST" name="eroorMessage_LastName" finished-at="2020-07-05T13:31:08 IST" duration-ms="2377" status="PASS">
          <reporter-output>
            <line>
              <![CDATA[Result is as expected - Pass]]>
            </line>
          </reporter-output>
        </test-method> <!-- eroorMessage_LastName -->
        <test-method is-config="true" signature="before_test_method()[pri:0, instance:checkoutForm.functionalityTest@7ff95560]" started-at="2020-07-05T13:31:08 IST" name="before_test_method" finished-at="2020-07-05T13:31:08 IST" duration-ms="234" status="PASS">
          <reporter-output>
          </reporter-output>
        </test-method> <!-- before_test_method -->
        <test-method signature="eroorMessage_eMail()[pri:4, instance:checkoutForm.functionalityTest@7ff95560]" started-at="2020-07-05T13:31:08 IST" name="eroorMessage_eMail" finished-at="2020-07-05T13:31:10 IST" duration-ms="2230" status="PASS">
          <reporter-output>
            <line>
              <![CDATA[Result is as expected - Pass]]>
            </line>
          </reporter-output>
        </test-method> <!-- eroorMessage_eMail -->
        <test-method is-config="true" signature="before_test_method()[pri:0, instance:checkoutForm.functionalityTest@7ff95560]" started-at="2020-07-05T13:31:10 IST" name="before_test_method" finished-at="2020-07-05T13:31:11 IST" duration-ms="241" status="PASS">
          <reporter-output>
          </reporter-output>
        </test-method> <!-- before_test_method -->
        <test-method signature="eroorMessage_address1()[pri:5, instance:checkoutForm.functionalityTest@7ff95560]" started-at="2020-07-05T13:31:11 IST" name="eroorMessage_address1" finished-at="2020-07-05T13:31:13 IST" duration-ms="2244" status="PASS">
          <reporter-output>
            <line>
              <![CDATA[Result is as expected - Pass]]>
            </line>
          </reporter-output>
        </test-method> <!-- eroorMessage_address1 -->
        <test-method is-config="true" signature="before_test_method()[pri:0, instance:checkoutForm.functionalityTest@7ff95560]" started-at="2020-07-05T13:31:13 IST" name="before_test_method" finished-at="2020-07-05T13:31:13 IST" duration-ms="157" status="PASS">
          <reporter-output>
          </reporter-output>
        </test-method> <!-- before_test_method -->
        <test-method signature="eroorMessage_address2()[pri:6, instance:checkoutForm.functionalityTest@7ff95560]" started-at="2020-07-05T13:31:13 IST" name="eroorMessage_address2" finished-at="2020-07-05T13:31:15 IST" duration-ms="2262" status="PASS">
          <reporter-output>
            <line>
              <![CDATA[Result is as expected - Passed]]>
            </line>
          </reporter-output>
        </test-method> <!-- eroorMessage_address2 -->
        <test-method is-config="true" signature="before_test_method()[pri:0, instance:checkoutForm.functionalityTest@7ff95560]" started-at="2020-07-05T13:31:15 IST" name="before_test_method" finished-at="2020-07-05T13:31:16 IST" duration-ms="194" status="PASS">
          <reporter-output>
          </reporter-output>
        </test-method> <!-- before_test_method -->
        <test-method signature="eroorMessage_zip()[pri:7, instance:checkoutForm.functionalityTest@7ff95560]" started-at="2020-07-05T13:31:16 IST" name="eroorMessage_zip" finished-at="2020-07-05T13:31:18 IST" duration-ms="2215" status="PASS">
          <reporter-output>
            <line>
              <![CDATA[Error message for last name is not as expected - Failed]]>
            </line>
          </reporter-output>
        </test-method> <!-- eroorMessage_zip -->
        <test-method is-config="true" signature="before_test_method()[pri:0, instance:checkoutForm.functionalityTest@7ff95560]" started-at="2020-07-05T13:31:18 IST" name="before_test_method" finished-at="2020-07-05T13:31:18 IST" duration-ms="197" status="PASS">
          <reporter-output>
          </reporter-output>
        </test-method> <!-- before_test_method -->
        <test-method signature="checkBox_Validation()[pri:8, instance:checkoutForm.functionalityTest@7ff95560]" started-at="2020-07-05T13:31:18 IST" name="checkBox_Validation" finished-at="2020-07-05T13:31:20 IST" duration-ms="2005" status="PASS">
          <reporter-output>
            <line>
              <![CDATA[Result is as expected - Pass]]>
            </line>
          </reporter-output>
        </test-method> <!-- checkBox_Validation -->
        <test-method is-config="true" signature="before_test_method()[pri:0, instance:checkoutForm.functionalityTest@7ff95560]" started-at="2020-07-05T13:31:20 IST" name="before_test_method" finished-at="2020-07-05T13:31:20 IST" duration-ms="233" status="PASS">
          <reporter-output>
          </reporter-output>
        </test-method> <!-- before_test_method -->
        <test-method is-config="true" signature="after()[pri:0, instance:checkoutForm.functionalityTest@7ff95560]" started-at="2020-07-05T13:31:20 IST" name="after" finished-at="2020-07-05T13:31:20 IST" duration-ms="103" status="PASS">
          <reporter-output>
          </reporter-output>
        </test-method> <!-- after -->
      </class> <!-- checkoutForm.functionalityTest -->
    </test> <!-- Default test -->
  </suite> <!-- Default suite -->
</testng-results>
